<?xml version="1.0" encoding="windows-1252" standalone="no"?>
<!DOCTYPE log SYSTEM "logger.dtd">
<log>
<record>
  <date>2022-04-12T13:32:47.231644100Z</date>
  <millis>1649770367231</millis>
  <nanos>644100</nanos>
  <sequence>1</sequence>
  <logger>TestCreationParticipantClass</logger>
  <level>INFO</level>
  <class>TestCreationParticipantClass</class>
  <method>test</method>
  <thread>1</thread>
  <message>Le titre de la page est correct</message>
</record>
<record>
  <date>2022-04-12T13:32:56.023808200Z</date>
  <millis>1649770376023</millis>
  <nanos>808200</nanos>
  <sequence>2</sequence>
  <logger>TestCreationParticipantClass</logger>
  <level>SEVERE</level>
  <class>TestCreationParticipantClass</class>
  <method>test</method>
  <thread>1</thread>
  <message>La page ne vérifie pas les bonnes informations</message>
</record>
</log>
<?xml version="1.0" encoding="windows-1252" standalone="no"?>
<!DOCTYPE log SYSTEM "logger.dtd">
<log>
<record>
  <date>2022-04-12T13:33:31.826001800Z</date>
  <millis>1649770411826</millis>
  <nanos>1800</nanos>
  <sequence>1</sequence>
  <logger>TestCreationParticipantClass</logger>
  <level>INFO</level>
  <class>TestCreationParticipantClass</class>
  <method>test</method>
  <thread>1</thread>
  <message>Le titre de la page est correct</message>
</record>
<record>
  <date>2022-04-12T13:33:48.123786900Z</date>
  <millis>1649770428123</millis>
  <nanos>786900</nanos>
  <sequence>2</sequence>
  <logger>TestCreationParticipantClass</logger>
  <level>INFO</level>
  <class>TestCreationParticipantClass</class>
  <method>test</method>
  <thread>1</thread>
  <message>Exception while taking screenshot Expected condition failed: waiting for visibility of Proxy element for: DefaultElementLocator 'By.xpath: //tr[@valign='top']//span[text()='Calendrier']' (tried for 15 second(s) with 500 milliseconds interval)</message>
</record>
</log>
<?xml version="1.0" encoding="windows-1252" standalone="no"?>
<!DOCTYPE log SYSTEM "logger.dtd">
<log>
<record>
  <date>2022-04-12T13:36:10.606623200Z</date>
  <millis>1649770570606</millis>
  <nanos>623200</nanos>
  <sequence>1</sequence>
  <logger>TestCreationParticipantClass</logger>
  <level>INFO</level>
  <class>TestCreationParticipantClass</class>
  <method>test</method>
  <thread>1</thread>
  <message>Le titre de la page est correct</message>
</record>
<record>
  <date>2022-04-12T13:36:14.009292800Z</date>
  <millis>1649770574009</millis>
  <nanos>292800</nanos>
  <sequence>2</sequence>
  <logger>TestCreationParticipantClass</logger>
  <level>SEVERE</level>
  <class>TestCreationParticipantClass</class>
  <method>test</method>
  <thread>1</thread>
  <message>La page ne vérifie pas les bonnes informations</message>
</record>
<record>
  <date>2022-04-12T13:36:18.085345800Z</date>
  <millis>1649770578085</millis>
  <nanos>345800</nanos>
  <sequence>3</sequence>
  <logger>TestCreationParticipantClass</logger>
  <level>INFO</level>
  <class>TestCreationParticipantClass</class>
  <method>test</method>
  <thread>1</thread>
  <message>Exception while taking screenshot Element &lt;button class="z-paging-next" type="button"&gt; could not be scrolled into view
Build info: version: '3.13.0', revision: '2f0d292', time: '2018-06-25T15:24:21.231Z'
System info: host: 'FORM295', ip: '192.168.56.1', os.name: 'Windows 10', os.arch: 'amd64', os.version: '10.0', java.version: '17.0.1'
Driver info: org.openqa.selenium.firefox.FirefoxDriver
Capabilities {acceptInsecureCerts: true, browserName: firefox, browserVersion: 99.0, javascriptEnabled: true, moz:accessibilityChecks: false, moz:buildID: 20220330194208, moz:geckodriverVersion: 0.30.0, moz:headless: false, moz:processID: 15876, moz:profile: C:\Users\FORMAT~1\AppData\L..., moz:shutdownTimeout: 60000, moz:useNonSpecCompliantPointerOrigin: false, moz:webdriverClick: true, pageLoadStrategy: normal, platform: WINDOWS, platformName: WINDOWS, platformVersion: 10.0, proxy: Proxy(), setWindowRect: true, strictFileInteractability: false, timeouts: {implicit: 0, pageLoad: 300000, script: 30000}, unhandledPromptBehavior: dismiss and notify}
Session ID: 59bdcccd-4df0-4e96-9be5-f3f9a85e3673</message>
</record>
</log>
<?xml version="1.0" encoding="windows-1252" standalone="no"?>
<!DOCTYPE log SYSTEM "logger.dtd">
<log>
<record>
  <date>2022-04-12T16:11:40.812246400Z</date>
  <millis>1649779900812</millis>
  <nanos>246400</nanos>
  <sequence>4</sequence>
  <logger>TestCreationParticipantClass</logger>
  <level>INFO</level>
  <class>TestCreationParticipantClass</class>
  <method>test</method>
  <thread>1</thread>
  <message>Le titre de la page est correct</message>
</record>
<record>
  <date>2022-04-12T16:11:44.064811800Z</date>
  <millis>1649779904064</millis>
  <nanos>811800</nanos>
  <sequence>5</sequence>
  <logger>TestCreationParticipantClass</logger>
  <level>SEVERE</level>
  <class>TestCreationParticipantClass</class>
  <method>test</method>
  <thread>1</thread>
  <message>La page ne vérifie pas les bonnes informations</message>
</record>
</log>
<?xml version="1.0" encoding="windows-1252" standalone="no"?>
<!DOCTYPE log SYSTEM "logger.dtd">
<log>
<record>
  <date>2022-04-12T16:14:00.752456800Z</date>
  <millis>1649780040752</millis>
  <nanos>456800</nanos>
  <sequence>2</sequence>
  <logger>TestCreationParticipantClass</logger>
  <level>INFO</level>
  <class>TestCreationParticipantClass</class>
  <method>test</method>
  <thread>1</thread>
  <message>Le titre de la page est correct</message>
</record>
<record>
  <date>2022-04-12T16:14:03.894357100Z</date>
  <millis>1649780043894</millis>
  <nanos>357100</nanos>
  <sequence>3</sequence>
  <logger>TestCreationParticipantClass</logger>
  <level>SEVERE</level>
  <class>TestCreationParticipantClass</class>
  <method>test</method>
  <thread>1</thread>
  <message>La page ne vérifie pas les bonnes informations</message>
</record>
</log>
<?xml version="1.0" encoding="windows-1252" standalone="no"?>
<!DOCTYPE log SYSTEM "logger.dtd">
<log>
<record>
  <date>2022-04-12T16:22:48.460312800Z</date>
  <millis>1649780568460</millis>
  <nanos>312800</nanos>
  <sequence>2</sequence>
  <logger>TestCreationCalendrierClass</logger>
  <level>INFO</level>
  <class>TestCreationCalendrierClass</class>
  <method>test</method>
  <thread>1</thread>
  <message>AAAAAAAAAAAAAAAAAAAAAAAA</message>
</record>
<record>
  <date>2022-04-12T16:22:50.909879Z</date>
  <millis>1649780570909</millis>
  <nanos>879000</nanos>
  <sequence>3</sequence>
  <logger>TestCreationCalendrierClass</logger>
  <level>SEVERE</level>
  <class>TestCreationCalendrierClass</class>
  <method>test</method>
  <thread>1</thread>
  <message>MMMMMMMMMMMMMMMMMMMM</message>
</record>
<record>
  <date>2022-04-12T16:23:10.834120Z</date>
  <millis>1649780590834</millis>
  <nanos>120000</nanos>
  <sequence>4</sequence>
  <logger>TestCreationCalendrierClass</logger>
  <level>INFO</level>
  <class>TestCreationCalendrierClass</class>
  <method>test</method>
  <thread>1</thread>
  <message>Exception while taking screenshot Expected condition failed: waiting for visibility of Proxy element for: DefaultElementLocator 'By.xpath: /html/body/div[1]/div/div/div[2]/div/div/div/div[2]/div/div/div/div/table/tbody/tr/td/table/tbody/tr[5]/td/div/span' (tried for 15 second(s) with 500 milliseconds interval)</message>
</record>
</log>
